# JRE version: Java(TM) SE Runtime Environment (17.0.12+8) (build 17.0.12+8-LTS-286)
# Java VM: Java HotSpot(TM) 64-Bit Server VM (17.0.12+8-LTS-286, mixed mode, sharing, tiered, compressed oops, compressed class ptrs, g1 gc, windows-amd64)
GC Precious Log:
 CPUs: 8 total, 8 available
 Memory: 6030M
 Large Page Support: Disabled
 NUMA Support: Disabled
 Compressed Oops: Enabled (32-bit)
 Heap Region Size: 1M
 Heap Min Capacity: 8M
 Heap Initial Capacity: 96M
 Heap Max Capacity: 1G
 Pre-touch: Disabled
 Parallel Workers: 8
 Concurrent Workers: 2
 Concurrent Refinement Workers: 8
 Periodic GC: Disabled
Heap:
 garbage-first heap   total 467968K, used 219500K [0x00000000c0000000, 0x0000000100000000)
  region size 1024K, 87 young (89088K), 3 survivors (3072K)
 Metaspace       used 117040K, committed 118208K, reserved 1179648K
  class space    used 15404K, committed 15936K, reserved 1048576K
GC Heap History (20 events):
Event: 824.468 GC heap before
{Heap before GC invocations=69 (full 0):
 garbage-first heap   total 334848K, used 279887K [0x00000000c0000000, 0x0000000100000000)
  region size 1024K, 122 young (124928K), 5 survivors (5120K)
 Metaspace       used 116921K, committed 118016K, reserved 1179648K
  class space    used 15410K, committed 15872K, reserved 1048576K
}
Event: 824.471 GC heap after
{Heap after GC invocations=70 (full 0):
 garbage-first heap   total 334848K, used 158948K [0x00000000c0000000, 0x0000000100000000)
  region size 1024K, 4 young (4096K), 4 survivors (4096K)
 Metaspace       used 116921K, committed 118016K, reserved 1179648K
  class space    used 15410K, committed 15872K, reserved 1048576K
}
Event: 825.417 GC heap before
{Heap before GC invocations=71 (full 0):
 garbage-first heap   total 368640K, used 263396K [0x00000000c0000000, 0x0000000100000000)
  region size 1024K, 125 young (128000K), 4 survivors (4096K)
 Metaspace       used 116914K, committed 118080K, reserved 1179648K
  class space    used 15401K, committed 15936K, reserved 1048576K
}
Event: 825.422 GC heap after
{Heap after GC invocations=72 (full 0):
 garbage-first heap   total 368640K, used 122276K [0x00000000c0000000, 0x0000000100000000)
  region size 1024K, 3 young (3072K), 3 survivors (3072K)
 Metaspace       used 116914K, committed 118080K, reserved 1179648K
  class space    used 15401K, committed 15936K, reserved 1048576K
}
Event: 825.485 GC heap before
{Heap before GC invocations=72 (full 0):
 garbage-first heap   total 368640K, used 136612K [0x00000000c0000000, 0x0000000100000000)
  region size 1024K, 18 young (18432K), 3 survivors (3072K)
 Metaspace       used 116914K, committed 118080K, reserved 1179648K
  class space    used 15401K, committed 15936K, reserved 1048576K
}
Event: 825.499 GC heap after
{Heap after GC invocations=73 (full 0):
 garbage-first heap   total 368640K, used 106438K [0x00000000c0000000, 0x0000000100000000)
  region size 1024K, 1 young (1024K), 1 survivors (1024K)
 Metaspace       used 116914K, committed 118080K, reserved 1179648K
  class space    used 15401K, committed 15936K, reserved 1048576K
}
Event: 826.541 GC heap before
{Heap before GC invocations=73 (full 0):
 garbage-first heap   total 368640K, used 322502K [0x00000000c0000000, 0x0000000100000000)
  region size 1024K, 192 young (196608K), 1 survivors (1024K)
 Metaspace       used 116958K, committed 118144K, reserved 1179648K
  class space    used 15402K, committed 15936K, reserved 1048576K
}
Event: 826.610 GC heap after
{Heap after GC invocations=74 (full 0):
 garbage-first heap   total 368640K, used 128261K [0x00000000c0000000, 0x0000000100000000)
  region size 1024K, 17 young (17408K), 17 survivors (17408K)
 Metaspace       used 116958K, committed 118144K, reserved 1179648K
  class space    used 15402K, committed 15936K, reserved 1048576K
}
Event: 827.164 GC heap before
{Heap before GC invocations=74 (full 0):
 garbage-first heap   total 368640K, used 298245K [0x00000000c0000000, 0x0000000100000000)
  region size 1024K, 182 young (186368K), 17 survivors (17408K)
 Metaspace       used 116958K, committed 118144K, reserved 1179648K
  class space    used 15402K, committed 15936K, reserved 1048576K
}
Event: 827.184 GC heap after
{Heap after GC invocations=75 (full 0):
 garbage-first heap   total 467968K, used 126660K [0x00000000c0000000, 0x0000000100000000)
  region size 1024K, 2 young (2048K), 2 survivors (2048K)
 Metaspace       used 116958K, committed 118144K, reserved 1179648K
  class space    used 15402K, committed 15936K, reserved 1048576K
}
Event: 1092.797 GC heap before
{Heap before GC invocations=75 (full 0):
 garbage-first heap   total 467968K, used 414404K [0x00000000c0000000, 0x0000000100000000)
  region size 1024K, 253 young (259072K), 2 survivors (2048K)
 Metaspace       used 117014K, committed 118208K, reserved 1179648K
  class space    used 15404K, committed 15936K, reserved 1048576K
}
Event: 1092.866 GC heap after
{Heap after GC invocations=76 (full 0):
 garbage-first heap   total 467968K, used 140900K [0x00000000c0000000, 0x0000000100000000)
  region size 1024K, 10 young (10240K), 10 survivors (10240K)
 Metaspace       used 117014K, committed 118208K, reserved 1179648K
  class space    used 15404K, committed 15936K, reserved 1048576K
}
Event: 1094.574 GC heap before
{Heap before GC invocations=76 (full 0):
 garbage-first heap   total 467968K, used 387684K [0x00000000c0000000, 0x0000000100000000)
  region size 1024K, 250 young (256000K), 10 survivors (10240K)
 Metaspace       used 117015K, committed 118208K, reserved 1179648K
  class space    used 15404K, committed 15936K, reserved 1048576K
}
Event: 1094.593 GC heap after
{Heap after GC invocations=77 (full 0):
 garbage-first heap   total 467968K, used 141533K [0x00000000c0000000, 0x0000000100000000)
  region size 1024K, 11 young (11264K), 11 survivors (11264K)
 Metaspace       used 117015K, committed 118208K, reserved 1179648K
  class space    used 15404K, committed 15936K, reserved 1048576K
}
Event: 1097.482 GC heap before
{Heap before GC invocations=77 (full 0):
 garbage-first heap   total 467968K, used 423133K [0x00000000c0000000, 0x0000000100000000)
  region size 1024K, 256 young (262144K), 11 survivors (11264K)
 Metaspace       used 117024K, committed 118208K, reserved 1179648K
  class space    used 15404K, committed 15936K, reserved 1048576K
}
Event: 1097.614 GC heap after
{Heap after GC invocations=78 (full 0):
 garbage-first heap   total 467968K, used 152085K [0x00000000c0000000, 0x0000000100000000)
  region size 1024K, 21 young (21504K), 21 survivors (21504K)
 Metaspace       used 117024K, committed 118208K, reserved 1179648K
  class space    used 15404K, committed 15936K, reserved 1048576K
}
Event: 1098.235 GC heap before
{Heap before GC invocations=78 (full 0):
 garbage-first heap   total 467968K, used 387605K [0x00000000c0000000, 0x0000000100000000)
  region size 1024K, 250 young (256000K), 21 survivors (21504K)
 Metaspace       used 117025K, committed 118208K, reserved 1179648K
  class space    used 15404K, committed 15936K, reserved 1048576K
}
Event: 1098.250 GC heap after
{Heap after GC invocations=79 (full 0):
 garbage-first heap   total 467968K, used 152740K [0x00000000c0000000, 0x0000000100000000)
  region size 1024K, 15 young (15360K), 15 survivors (15360K)
 Metaspace       used 117025K, committed 118208K, reserved 1179648K
  class space    used 15404K, committed 15936K, reserved 1048576K
}
Event: 1190.056 GC heap before
{Heap before GC invocations=79 (full 0):
 garbage-first heap   total 467968K, used 406692K [0x00000000c0000000, 0x0000000100000000)
  region size 1024K, 249 young (254976K), 15 survivors (15360K)
 Metaspace       used 117034K, committed 118208K, reserved 1179648K
  class space    used 15404K, committed 15936K, reserved 1048576K
}
Event: 1190.060 GC heap after
{Heap after GC invocations=80 (full 0):
 garbage-first heap   total 467968K, used 134508K [0x00000000c0000000, 0x0000000100000000)
  region size 1024K, 3 young (3072K), 3 survivors (3072K)
 Metaspace       used 117034K, committed 118208K, reserved 1179648K
  class space    used 15404K, committed 15936K, reserved 1048576K
}

